2018-05-21_SAVED in ./export/FC/json/starwoodhotels.com_FC for starwoodhotels.com RESULT: 
2018-05-21_SAVED in ./export/FC/json/dtn.com_FC for dtn.com RESULT: 
2018-05-21_SAVED in ./export/FC/json/navyleaguebaycouncil.org_FC for navyleaguebaycouncil.org RESULT: 
2018-05-21_SAVED in ./export/FC/json/alcoa.com_FC for alcoa.com RESULT: 
2018-05-21_SAVED in ./export/FC/json/ceremity.onmicrosoft.com_FC for ceremity.onmicrosoft.com RESULT: 
2018-05-21_SAVED in ./export/FC/json/advantechus.com_FC for advantechus.com RESULT: 
2018-05-21_SAVED in ./export/FC/json/valiantintegrated.com_FC for valiantintegrated.com RESULT: 
2018-05-21_SAVED in ./export/FC/json/gsrind.com_FC for gsrind.com RESULT: 
2018-05-21_SAVED in ./export/FC/json/dswinc.com_FC for dswinc.com RESULT: 
2018-05-21_SAVED in ./export/FC/json/bsci.com_FC for bsci.com RESULT: 
2018-05-21_SAVED in ./export/FC/json/scouting.org_FC for scouting.org RESULT: 
2018-05-21_SAVED in ./export/FC/json/tcco.com_FC for tcco.com RESULT: 
2018-05-21_SAVED in ./export/FC/json/helpmoore.org_FC for helpmoore.org RESULT: 
2018-05-21_SAVED in ./export/FC/json/3cloudsolutions.com_FC for 3cloudsolutions.com RESULT: 
2018-05-21_SAVED in ./export/FC/json/storycon.com_FC for storycon.com RESULT: 
2018-05-21_SAVED in ./export/FC/json/brentwoodgreenspace.org_FC for brentwoodgreenspace.org RESULT: 
2018-05-21_SAVED in ./export/FC/json/3-dvirtualtours.com_FC for 3-dvirtualtours.com RESULT: 
2018-05-21_SAVED in ./export/FC/json/lippes.com_FC for lippes.com RESULT: 
2018-05-21_SAVED in ./export/FC/json/whitlockis.com_FC for whitlockis.com RESULT: 
2018-05-21_SAVED in ./export/FC/json/inocula.com_FC for inocula.com RESULT: 
2018-05-21_SAVED in ./export/FC/json/alcastcompany.com_FC for alcastcompany.com RESULT: 
2018-05-21_SAVED in ./export/FC/json/commhealth.org_FC for commhealth.org RESULT: 
2018-05-21_SAVED in ./export/FC/json/white-space.com_FC for white-space.com RESULT: 
2018-05-21_SAVED in ./export/FC/json/mtdproducts.com_FC for mtdproducts.com RESULT: 
2018-05-21_SAVED in ./export/FC/json/sgce.com_FC for sgce.com RESULT: 
2018-05-21_SAVED in ./export/FC/json/intellectusgroup.com_FC for intellectusgroup.com RESULT: 
2018-05-21_SAVED in ./export/FC/json/ellingassociates.com_FC for ellingassociates.com RESULT: 
2018-05-21_SAVED in ./export/FC/json/avanade.com_FC for avanade.com RESULT: 
2018-05-21_SAVED in ./export/FC/json/praemandoinc.com_FC for praemandoinc.com RESULT: 
2018-05-21_SAVED in ./export/FC/json/graftonfunds.com_FC for graftonfunds.com RESULT: 
2018-05-21_SAVED in ./export/FC/json/hpe.com_FC for hpe.com RESULT: 
2018-05-21_SAVED in ./export/FC/json/prospercare.com_FC for prospercare.com RESULT: 
2018-05-21_SAVED in ./export/FC/json/oocl.com_FC for oocl.com RESULT: 
2018-05-21_SAVED in ./export/FC/json/superion.com_FC for superion.com RESULT: 
2018-05-21_SAVED in ./export/FC/json/spectrumfamilysolutions.com_FC for spectrumfamilysolutions.com RESULT: 
2018-05-21_SAVED in ./export/FC/json/providence.org_FC for providence.org RESULT: 
2018-05-21_SAVED in ./export/FC/json/firstpacificbuilders.com_FC for firstpacificbuilders.com RESULT: 
2018-05-21_SAVED in ./export/FC/json/440transit.com_FC for 440transit.com RESULT: 
2018-05-21_SAVED in ./export/FC/json/4premier.net_FC for 4premier.net RESULT: 
2018-05-21_SAVED in ./export/FC/json/5280dtc.com_FC for 5280dtc.com RESULT: 
2018-05-21_SAVED in ./export/FC/json/5280graphix.com_FC for 5280graphix.com RESULT: 
2018-05-21_SAVED in ./export/FC/json/aahcllc.com_FC for aahcllc.com RESULT: 
2018-05-21_SAVED in ./export/FC/json/aarcorp.com_FC for aarcorp.com RESULT: 
2018-05-21_SAVED in ./export/FC/json/accenture.com_FC for accenture.com RESULT: 
2018-05-21_SAVED in ./export/FC/json/actsolution.net_FC for actsolution.net RESULT: 
2018-05-21_SAVED in ./export/FC/json/advance.com_FC for advance.com RESULT: 
2018-05-21_SAVED in ./export/FC/json/aetna.com_FC for aetna.com RESULT: 
2018-05-21_SAVED in ./export/FC/json/afahomes.com_FC for afahomes.com RESULT: 
2018-05-21_SAVED in ./export/FC/json/agcna.net_FC for agcna.net RESULT: 
2018-05-21_SAVED in ./export/FC/json/agilent.com_FC for agilent.com RESULT: 
2018-05-21_SAVED in ./export/FC/json/ahslink.com_FC for ahslink.com RESULT: 
2018-05-21_SAVED in ./export/FC/json/aim.com_FC for aim.com RESULT: 
2018-05-21_SAVED in ./export/FC/json/air.org_FC for air.org RESULT: 
2018-05-21_SAVED in ./export/FC/json/aitchmanngroup.com_FC for aitchmanngroup.com RESULT: 
2018-05-21_SAVED in ./export/FC/json/alierahealthcare.com_FC for alierahealthcare.com RESULT: 
2018-05-21_SAVED in ./export/FC/json/alignbuilders.com_FC for alignbuilders.com RESULT: 
2018-05-21_SAVED in ./export/FC/json/alpinvest.com_FC for alpinvest.com RESULT: 
2018-05-21_SAVED in ./export/FC/json/altramotion.com_FC for altramotion.com RESULT: 
2018-05-21_SAVED in ./export/FC/json/amat.com_FC for amat.com RESULT: 
2018-05-21_SAVED in ./export/FC/json/ambientedge.com_FC for ambientedge.com RESULT: 
2018-05-21_SAVED in ./export/FC/json/americas.ad.flextronics.com_FC for americas.ad.flextronics.com RESULT: 
2018-05-21_SAVED in ./export/FC/json/amitreetest.com_FC for amitreetest.com RESULT: 
2018-05-21_SAVED in ./export/FC/json/amys.com_FC for amys.com RESULT: 
2018-05-21_SAVED in ./export/FC/json/andeavor.com_FC for andeavor.com RESULT: 
2018-05-21_SAVED in ./export/FC/json/andyfrainservices.com_FC for andyfrainservices.com RESULT: 
2018-05-21_SAVED in ./export/FC/json/archerpoint.com_FC for archerpoint.com RESULT: 
2018-05-21_SAVED in ./export/FC/json/array-architects.com_FC for array-architects.com RESULT: 
2018-05-21_SAVED in ./export/FC/json/aurora.org_FC for aurora.org RESULT: 
2018-05-21_SAVED in ./export/FC/json/avispl.com_FC for avispl.com RESULT: 
2018-05-21_SAVED in ./export/FC/json/axa-advisors.com_FC for axa-advisors.com RESULT: 
2018-05-21_SAVED in ./export/FC/json/b2equity.com_FC for b2equity.com RESULT: 
2018-05-21_SAVED in ./export/FC/json/bamboorose.com_FC for bamboorose.com RESULT: 
2018-05-21_SAVED in ./export/FC/json/bbbsok.org_FC for bbbsok.org RESULT: 
2018-05-21_SAVED in ./export/FC/json/bd.com_FC for bd.com RESULT: 
2018-05-21_SAVED in ./export/FC/json/bevankerr.com_FC for bevankerr.com RESULT: 
2018-05-21_SAVED in ./export/FC/json/bgcpartners.com_FC for bgcpartners.com RESULT: 
2018-05-21_SAVED in ./export/FC/json/bkafinancial.com_FC for bkafinancial.com RESULT: 
2018-05-21_SAVED in ./export/FC/json/brammerfirm.com_FC for brammerfirm.com RESULT: 
2018-05-21_SAVED in ./export/FC/json/brinks.com_FC for brinks.com RESULT: 
2018-05-21_SAVED in ./export/FC/json/bsifinancial.com_FC for bsifinancial.com RESULT: 
2018-05-21_SAVED in ./export/FC/json/ca.com_FC for ca.com RESULT: 
2018-05-21_SAVED in ./export/FC/json/cannondesign.com_FC for cannondesign.com RESULT: 
2018-05-21_SAVED in ./export/FC/json/careergroupcompanies.com_FC for careergroupcompanies.com RESULT: 
2018-05-21_SAVED in ./export/FC/json/carlsonrezidor.com_FC for carlsonrezidor.com RESULT: 
2018-05-21_SAVED in ./export/FC/json/carolinashealthcare.org_FC for carolinashealthcare.org RESULT: 
2018-05-21_SAVED in ./export/FC/json/cbi.com_FC for cbi.com RESULT: 
2018-05-21_SAVED in ./export/FC/json/cbre.com_FC for cbre.com RESULT: 
2018-05-21_SAVED in ./export/FC/json/cdw.com_FC for cdw.com RESULT: 
2018-05-21_SAVED in ./export/FC/json/centerlinesolutions.com_FC for centerlinesolutions.com RESULT: 
2018-05-21_SAVED in ./export/FC/json/centrahealth.com_FC for centrahealth.com RESULT: 
2018-05-21_SAVED in ./export/FC/json/ceremity.com_FC for ceremity.com RESULT: 
2018-05-21_SAVED in ./export/FC/json/cerner.com_FC for cerner.com RESULT: 
2018-05-21_SAVED in ./export/FC/json/ch2m.com_FC for ch2m.com RESULT: 
2018-05-21_SAVED in ./export/FC/json/chimerix.com_FC for chimerix.com RESULT: 
2018-05-21_SAVED in ./export/FC/json/cietours.com_FC for cietours.com RESULT: 
2018-05-21_SAVED in ./export/FC/json/cityofwalnutridge.com_FC for cityofwalnutridge.com RESULT: 
2018-05-21_SAVED in ./export/FC/json/cloudgeniuserp.com_FC for cloudgeniuserp.com RESULT: 
2018-05-21_SAVED in ./export/FC/json/cma.com_FC for cma.com RESULT: 
2018-05-21_SAVED in ./export/FC/json/cmh.edu_FC for cmh.edu RESULT: 
2018-05-21_SAVED in ./export/FC/json/collabera.com_FC for collabera.com RESULT: 
2018-05-21_SAVED in ./export/FC/json/comfortcareia.com_FC for comfortcareia.com RESULT: 
2018-05-21_SAVED in ./export/FC/json/commscope.com_FC for commscope.com RESULT: 
2018-05-21_SAVED in ./export/FC/json/communityhousing.org_FC for communityhousing.org RESULT: 
2018-05-21_SAVED in ./export/FC/json/consilio.com_FC for consilio.com RESULT: 
2018-05-21_SAVED in ./export/FC/json/crestfoodsok.com_FC for crestfoodsok.com RESULT: 
2018-05-21_SAVED in ./export/FC/json/csscredit.com_FC for csscredit.com RESULT: 
2018-05-21_SAVED in ./export/FC/json/customedialabs.com_FC for customedialabs.com RESULT: 
2018-05-21_SAVED in ./export/FC/json/delicato.com_FC for delicato.com RESULT: 
2018-05-21_SAVED in ./export/FC/json/dell.com_FC for dell.com RESULT: 
2018-05-21_SAVED in ./export/FC/json/delta.com_FC for delta.com RESULT: 
2018-05-21_SAVED in ./export/FC/json/deviouseye.com_FC for deviouseye.com RESULT: 
2018-05-21_SAVED in ./export/FC/json/dlrgroup.com_FC for dlrgroup.com RESULT: 
2018-05-21_SAVED in ./export/FC/json/dolby.com_FC for dolby.com RESULT: 
2018-05-21_SAVED in ./export/FC/json/dpegmarketing.com_FC for dpegmarketing.com RESULT: 
2018-05-21_SAVED in ./export/FC/json/duckcreek.com_FC for duckcreek.com RESULT: 
2018-05-21_SAVED in ./export/FC/json/dynamicbrands.com_FC for dynamicbrands.com RESULT: 
2018-05-21_SAVED in ./export/FC/json/edelman.com_FC for edelman.com RESULT: 
2018-05-21_SAVED in ./export/FC/json/edgewell.com_FC for edgewell.com RESULT: 
2018-05-21_SAVED in ./export/FC/json/edwards.com_FC for edwards.com RESULT: 
2018-05-21_SAVED in ./export/FC/json/elitejets.com_FC for elitejets.com RESULT: 
2018-05-21_SAVED in ./export/FC/json/em-businesssolutions.com_FC for em-businesssolutions.com RESULT: 
2018-05-21_SAVED in ./export/FC/json/epiqsystems.com_FC for epiqsystems.com RESULT: 
2018-05-21_SAVED in ./export/FC/json/etaglobal.com_FC for etaglobal.com RESULT: 
2018-05-21_SAVED in ./export/FC/json/everi.com_FC for everi.com RESULT: 
2018-05-21_SAVED in ./export/FC/json/experisms.com_FC for experisms.com RESULT: 
2018-05-21_SAVED in ./export/FC/json/faneuil.com_FC for faneuil.com RESULT: 
2018-05-21_SAVED in ./export/FC/json/fcsamerica.com_FC for fcsamerica.com RESULT: 
2018-05-21_SAVED in ./export/FC/json/firelayers.com_FC for firelayers.com RESULT: 
2018-05-21_SAVED in ./export/FC/json/firstam.com_FC for firstam.com RESULT: 
2018-05-21_SAVED in ./export/FC/json/flex.com_FC for flex.com RESULT: 
2018-05-21_SAVED in ./export/FC/json/flhosp.net_FC for flhosp.net RESULT: 
2018-05-21_SAVED in ./export/FC/json/forumcaterers.com_FC for forumcaterers.com RESULT: 
2018-05-21_SAVED in ./export/FC/json/fugro.com_FC for fugro.com RESULT: 
2018-05-21_SAVED in ./export/FC/json/ge.com_FC for ge.com RESULT: 
2018-05-21_SAVED in ./export/FC/json/gtatelecom.com_FC for gtatelecom.com RESULT: 
2018-05-21_SAVED in ./export/FC/json/headstorm.com_FC for headstorm.com RESULT: 
2018-05-21_SAVED in ./export/FC/json/hmiaward.com_FC for hmiaward.com RESULT: 
2018-05-21_SAVED in ./export/FC/json/homepointfinancial.com_FC for homepointfinancial.com RESULT: 
2018-05-21_SAVED in ./export/FC/json/hopeworksnm.org_FC for hopeworksnm.org RESULT: 
2018-05-21_SAVED in ./export/FC/json/hp.com_FC for hp.com RESULT: 
2018-05-21_SAVED in ./export/FC/json/humach.com_FC for humach.com RESULT: 
2018-05-21_SAVED in ./export/FC/json/hyatt.com_FC for hyatt.com RESULT: 
2018-05-21_SAVED in ./export/FC/json/hyperlooptech.com_FC for hyperlooptech.com RESULT: 
2018-05-21_SAVED in ./export/FC/json/iaahsonline.org_FC for iaahsonline.org RESULT: 
2018-05-21_SAVED in ./export/FC/json/iconectiv.com_FC for iconectiv.com RESULT: 
2018-05-21_SAVED in ./export/FC/json/innoceanusa.com_FC for innoceanusa.com RESULT: 
2018-05-21_SAVED in ./export/FC/json/insynq.com_FC for insynq.com RESULT: 
2018-05-21_SAVED in ./export/FC/json/ivansangel.org_FC for ivansangel.org RESULT: 
2018-05-21_SAVED in ./export/FC/json/jenningsbg.com_FC for jenningsbg.com RESULT: 
2018-05-21_SAVED in ./export/FC/json/joernshealthcare.com_FC for joernshealthcare.com RESULT: 
2018-05-21_SAVED in ./export/FC/json/juniper.net_FC for juniper.net RESULT: 
2018-05-21_SAVED in ./export/FC/json/kassouf.com_FC for kassouf.com RESULT: 
2018-05-21_SAVED in ./export/FC/json/keenpaintingandrenovations.com_FC for keenpaintingandrenovations.com RESULT: 
2018-05-21_SAVED in ./export/FC/json/keylimeinternational.com_FC for keylimeinternational.com RESULT: 
2018-05-21_SAVED in ./export/FC/json/kozubadistillery.com_FC for kozubadistillery.com RESULT: 
2018-05-21_SAVED in ./export/FC/json/lifeplanccony.com_FC for lifeplanccony.com RESULT: 
2018-05-21_SAVED in ./export/FC/json/linellc.com_FC for linellc.com RESULT: 
2018-05-21_SAVED in ./export/FC/json/loreal.com_FC for loreal.com RESULT: 
2018-05-21_SAVED in ./export/FC/json/lowes.com_FC for lowes.com RESULT: 
2018-05-21_SAVED in ./export/FC/json/jnj.com_FC for jnj.com RESULT: 
2018-05-21_SAVED in ./export/FC/json/axa.com_FC for axa.com RESULT: 
2018-05-21_SAVED in ./export/FC/json/manpowergroup.com_FC for manpowergroup.com RESULT: 
2018-05-21_SAVED in ./export/FC/json/marionohio.org_FC for marionohio.org RESULT: 
2018-05-21_SAVED in ./export/FC/json/maryville.com_FC for maryville.com RESULT: 
2018-05-21_SAVED in ./export/FC/json/mataninc.com_FC for mataninc.com RESULT: 
2018-05-21_SAVED in ./export/FC/json/matthew25clinic.org_FC for matthew25clinic.org RESULT: 
2018-05-21_SAVED in ./export/FC/json/mavtechglobal.com_FC for mavtechglobal.com RESULT: 
2018-05-21_SAVED in ./export/FC/json/mbrt.org_FC for mbrt.org RESULT: 
2018-05-21_SAVED in ./export/FC/json/mcafee.com_FC for mcafee.com RESULT: 
2018-05-21_SAVED in ./export/FC/json/mccormackbaron.com_FC for mccormackbaron.com RESULT: 
2018-05-21_SAVED in ./export/FC/json/medtronic.com_FC for medtronic.com RESULT: 
2018-05-21_SAVED in ./export/FC/json/rockwellautomation.com_FC for rockwellautomation.com RESULT: 
2018-05-21_SAVED in ./export/FC/json/meritor.com_FC for meritor.com RESULT: 
2018-05-21_SAVED in ./export/FC/json/mgeunderground.com_FC for mgeunderground.com RESULT: 
2018-05-21_SAVED in ./export/FC/json/mgxcopy.com_FC for mgxcopy.com RESULT: 
2018-05-21_SAVED in ./export/FC/json/microsoft.com_FC for microsoft.com RESULT: 
2018-05-21_SAVED in ./export/FC/json/millennialcapitalmanagement.com_FC for millennialcapitalmanagement.com RESULT: 
2018-05-21_SAVED in ./export/FC/json/millercoors.com_FC for millercoors.com RESULT: 
2018-05-21_SAVED in ./export/FC/json/ab-inbev.com_FC for ab-inbev.com RESULT: 
2018-05-21_SAVED in ./export/FC/json/mmm.com_FC for mmm.com RESULT: 
2018-05-21_SAVED in ./export/FC/json/murphylegion.com_FC for murphylegion.com RESULT: 
2018-05-21_SAVED in ./export/FC/json/mybscc.org_FC for mybscc.org RESULT: 
2018-05-21_SAVED in ./export/FC/json/myersexecutivegroup.com_FC for myersexecutivegroup.com RESULT: 
2018-05-21_SAVED in ./export/FC/json/myguardiangroup.com_FC for myguardiangroup.com RESULT: 
2018-05-21_SAVED in ./export/FC/json/na.ab-inbev.com_FC for na.ab-inbev.com RESULT: 
2018-05-21_SAVED in ./export/FC/json/ncentix.com_FC for ncentix.com RESULT: 
2018-05-21_SAVED in ./export/FC/json/nebraskamed.com_FC for nebraskamed.com RESULT: 
2018-05-21_SAVED in ./export/FC/json/nevadahand.org_FC for nevadahand.org RESULT: 
2018-05-21_SAVED in ./export/FC/json/newyorklife.com_FC for newyorklife.com RESULT: 
2018-05-21_SAVED in ./export/FC/json/nhrmc.org_FC for nhrmc.org RESULT: 
2018-05-21_SAVED in ./export/FC/json/ni.com_FC for ni.com RESULT: 
2018-05-21_SAVED in ./export/FC/json/njalternativemedicine.com_FC for njalternativemedicine.com RESULT: 
2018-05-21_SAVED in ./export/FC/json/nmss.org_FC for nmss.org RESULT: 
2018-05-21_SAVED in ./export/FC/json/experis.com_FC for experis.com RESULT: 
2018-05-21_SAVED in ./export/FC/json/odeon.com_FC for odeon.com RESULT: 
2018-05-21_SAVED in ./export/FC/json/omnicomgroup.com_FC for omnicomgroup.com RESULT: 
2018-05-21_SAVED in ./export/FC/json/oscarmikefinancial.com_FC for oscarmikefinancial.com RESULT: 
2018-05-21_SAVED in ./export/FC/json/p5solutions.com_FC for p5solutions.com RESULT: 
2018-05-21_SAVED in ./export/FC/json/patiosplus.com_FC for patiosplus.com RESULT: 
2018-05-21_SAVED in ./export/FC/json/pdqsupply.com_FC for pdqsupply.com RESULT: 
2018-05-21_SAVED in ./export/FC/json/peakgastro.com_FC for peakgastro.com RESULT: 
2018-05-21_SAVED in ./export/FC/json/performics.com_FC for performics.com RESULT: 
2018-05-21_SAVED in ./export/FC/json/phasediagnostics.com_FC for phasediagnostics.com RESULT: 
2018-05-21_SAVED in ./export/FC/json/pih.org_FC for pih.org RESULT: 
2018-05-21_SAVED in ./export/FC/json/plygem.com_FC for plygem.com RESULT: 
2018-05-21_SAVED in ./export/FC/json/poulton.com_FC for poulton.com RESULT: 
2018-05-21_SAVED in ./export/FC/json/power.com_FC for power.com RESULT: 
2018-05-21_SAVED in ./export/FC/json/prioritydispatch.net_FC for prioritydispatch.net RESULT: 
2018-05-21_SAVED in ./export/FC/json/proofpoint.com_FC for proofpoint.com RESULT: 
2018-05-21_SAVED in ./export/FC/json/publicismedia.com_FC for publicismedia.com RESULT: 
2018-05-21_SAVED in ./export/FC/json/pwc.com_FC for pwc.com RESULT: 
2018-05-21_SAVED in ./export/FC/json/qbsol.com_FC for qbsol.com RESULT: 
2018-05-21_SAVED in ./export/FC/json/quickenloans.com_FC for quickenloans.com RESULT: 
2018-05-21_SAVED in ./export/FC/json/raioam.com_FC for raioam.com RESULT: 
2018-05-21_SAVED in ./export/FC/json/redapt.com_FC for redapt.com RESULT: 
2018-05-21_SAVED in ./export/FC/json/redcross.org_FC for redcross.org RESULT: 
2018-05-21_SAVED in ./export/FC/json/relayhealth.com_FC for relayhealth.com RESULT: 
2018-05-21_SAVED in ./export/FC/json/rhls.org_FC for rhls.org RESULT: 
2018-05-21_SAVED in ./export/FC/json/rifiniti.com_FC for rifiniti.com RESULT: 
2018-05-21_SAVED in ./export/FC/json/riverbirchcounseling.com_FC for riverbirchcounseling.com RESULT: 
2018-05-21_SAVED in ./export/FC/json/rrd.com_FC for rrd.com RESULT: 
2018-05-21_SAVED in ./export/FC/json/rsna.org_FC for rsna.org RESULT: 
2018-05-21_SAVED in ./export/FC/json/sapient.com_FC for sapient.com RESULT: 
2018-05-21_SAVED in ./export/FC/json/securealaskausa.com_FC for securealaskausa.com RESULT: 
2018-05-21_SAVED in ./export/FC/json/silverlake.com_FC for silverlake.com RESULT: 
2018-05-21_SAVED in ./export/FC/json/skylinetechnologies.com_FC for skylinetechnologies.com RESULT: 
2018-05-21_SAVED in ./export/FC/json/skysync.com_FC for skysync.com RESULT: 
2018-05-21_SAVED in ./export/FC/json/sncentral.org_FC for sncentral.org RESULT: 
2018-05-21_SAVED in ./export/FC/json/solunatec.com_FC for solunatec.com RESULT: 
2018-05-21_SAVED in ./export/FC/json/sompo-intl.com_FC for sompo-intl.com RESULT: 
2018-05-21_SAVED in ./export/FC/json/sonoco.com_FC for sonoco.com RESULT: 
2018-05-21_SAVED in ./export/FC/json/spglobal.com_FC for spglobal.com RESULT: 
2018-05-21_SAVED in ./export/FC/json/sprymethods.com_FC for sprymethods.com RESULT: 
2018-05-21_SAVED in ./export/FC/json/squire.com_FC for squire.com RESULT: 
2018-05-21_SAVED in ./export/FC/json/stryker.com_FC for stryker.com RESULT: 
2018-05-21_SAVED in ./export/FC/json/sunspirehealth.com_FC for sunspirehealth.com RESULT: 
2018-05-21_SAVED in ./export/FC/json/tbccorp.net_FC for tbccorp.net RESULT: 
2018-05-21_SAVED in ./export/FC/json/tempursealy.com_FC for tempursealy.com RESULT: 
2018-05-21_SAVED in ./export/FC/json/tenement.org_FC for tenement.org RESULT: 
2018-05-21_SAVED in ./export/FC/json/tennantco.com_FC for tennantco.com RESULT: 
2018-05-21_SAVED in ./export/FC/json/thermofisher.com_FC for thermofisher.com RESULT: 
2018-05-21_SAVED in ./export/FC/json/tleafmgt.com_FC for tleafmgt.com RESULT: 
2018-05-21_SAVED in ./export/FC/json/tranquilconsulting.com_FC for tranquilconsulting.com RESULT: 
2018-05-21_SAVED in ./export/FC/json/trcsolutions.com_FC for trcsolutions.com RESULT: 
2018-05-21_SAVED in ./export/FC/json/trw.com_FC for trw.com RESULT: 
2018-05-21_SAVED in ./export/FC/json/tylertech.com_FC for tylertech.com RESULT: 
2018-05-21_SAVED in ./export/FC/json/uua.org_FC for uua.org RESULT: 
2018-05-21_SAVED in ./export/FC/json/uwlax.edu_FC for uwlax.edu RESULT: 
2018-05-21_SAVED in ./export/FC/json/vandrunen.com_FC for vandrunen.com RESULT: 
2018-05-21_SAVED in ./export/FC/json/varian.com_FC for varian.com RESULT: 
2018-05-21_SAVED in ./export/FC/json/vistaoutdoor.com_FC for vistaoutdoor.com RESULT: 
2018-05-21_SAVED in ./export/FC/json/weilercorp.com_FC for weilercorp.com RESULT: 
2018-05-21_SAVED in ./export/FC/json/wellstar.org_FC for wellstar.org RESULT: 
2018-05-21_SAVED in ./export/FC/json/wsscwater.com_FC for wsscwater.com RESULT: 
2018-05-21_SAVED in ./export/FC/json/yaleappliance.com_FC for yaleappliance.com RESULT: 
2018-05-21_SAVED in ./export/FC/json/yr.com_FC for yr.com RESULT: 
2018-05-21_SAVED in ./export/FC/json/zonias.net_FC for zonias.net RESULT: 
