2018-04-30_SAVED in ./export/FC/json/international.psionline.com_FC for international.psionline.com RESULT: 
2018-04-30_SAVED in ./export/FC/json/leolearning.com_FC for leolearning.com RESULT: 
2018-04-30_SAVED in ./export/FC/json/advantexe.com_FC for advantexe.com RESULT: 
2018-04-30_SAVED in ./export/FC/json/alchemysoftware.com_FC for alchemysoftware.com RESULT: 
2018-04-30_SAVED in ./export/FC/json/alison.com_FC for alison.com RESULT: 
2018-04-30_SAVED in ./export/FC/json/allencomm.com_FC for allencomm.com RESULT: 
2018-04-30_SAVED in ./export/FC/json/alleninteractions.com_FC for alleninteractions.com RESULT: 
2018-04-30_SAVED in ./export/FC/json/aoec.com_FC for aoec.com RESULT: 
2018-04-30_SAVED in ./export/FC/json/articulate.com_FC for articulate.com RESULT: 
2018-04-30_SAVED in ./export/FC/json/assima.net_FC for assima.net RESULT: 
2018-04-30_SAVED in ./export/FC/json/bcs.org_FC for bcs.org RESULT: 
2018-04-30_SAVED in ./export/FC/json/beeline.com_FC for beeline.com RESULT: 
2018-04-30_SAVED in ./export/FC/json/bizlibrary.com_FC for bizlibrary.com RESULT: 
2018-04-30_SAVED in ./export/FC/json/bloomfire.com_FC for bloomfire.com RESULT: 
2018-04-30_SAVED in ./export/FC/json/blueeskimo.com_FC for blueeskimo.com RESULT: 
2018-04-30_SAVED in ./export/FC/json/bluevolt.com_FC for bluevolt.com RESULT: 
2018-04-30_SAVED in ./export/FC/json/brainshark.com_FC for brainshark.com RESULT: 
2018-04-30_SAVED in ./export/FC/json/brightwave.com_FC for brightwave.com RESULT: 
2018-04-30_SAVED in ./export/FC/json/btl.com_FC for btl.com RESULT: 
2018-04-30_SAVED in ./export/FC/json/coursecheck.com_FC for coursecheck.com RESULT: 
2018-04-30_SAVED in ./export/FC/json/crossknowledge.com_FC for crossknowledge.com RESULT: 
2018-04-30_SAVED in ./export/FC/json/customguide.com_FC for customguide.com RESULT: 
2018-04-30_SAVED in ./export/FC/json/d2l.com_FC for d2l.com RESULT: 
2018-04-30_SAVED in ./export/FC/json/degreed.com_FC for degreed.com RESULT: 
2018-04-30_SAVED in ./export/FC/json/digitalchalk.com_FC for digitalchalk.com RESULT: 
2018-04-30_SAVED in ./export/FC/json/ebsco.com_FC for ebsco.com RESULT: 
2018-04-30_SAVED in ./export/FC/json/elearningbrothers.com_FC for elearningbrothers.com RESULT: 
2018-04-30_SAVED in ./export/FC/json/expertus.com_FC for expertus.com RESULT: 
2018-04-30_SAVED in ./export/FC/json/fosway.com_FC for fosway.com RESULT: 
2018-04-30_SAVED in ./export/FC/json/fuseuniversal.com_FC for fuseuniversal.com RESULT: 
2018-04-30_SAVED in ./export/FC/json/getadministrate.com_FC for getadministrate.com RESULT: 
2018-04-30_SAVED in ./export/FC/json/global-lingo.com_FC for global-lingo.com RESULT: 
2018-04-30_SAVED in ./export/FC/json/goanimate.com_FC for goanimate.com RESULT: 
2018-04-30_SAVED in ./export/FC/json/gototraining.com_FC for gototraining.com RESULT: 
2018-04-30_SAVED in ./export/FC/json/harvardbusiness.org_FC for harvardbusiness.org RESULT: 
2018-04-30_SAVED in ./export/FC/json/ilxgroup.com_FC for ilxgroup.com RESULT: 
2018-04-30_SAVED in ./export/FC/json/infor.com_FC for infor.com RESULT: 
2018-04-30_SAVED in ./export/FC/json/ispringsolutions.com_FC for ispringsolutions.com RESULT: 
2018-04-30_SAVED in ./export/FC/json/kineo.com_FC for kineo.com RESULT: 
2018-04-30_SAVED in ./export/FC/json/litmos.com_FC for litmos.com RESULT: 
2018-04-30_SAVED in ./export/FC/json/lumesse.com_FC for lumesse.com RESULT: 
2018-04-30_SAVED in ./export/FC/json/lynda.com_FC for lynda.com RESULT: 
2018-04-30_SAVED in ./export/FC/json/mindtools.com_FC for mindtools.com RESULT: 
2018-04-30_SAVED in ./export/FC/json/newhorizons.com_FC for newhorizons.com RESULT: 
2018-04-30_SAVED in ./export/FC/json/nlplifetraining.com_FC for nlplifetraining.com RESULT: 
2018-04-30_SAVED in ./export/FC/json/opensesame.com_FC for opensesame.com RESULT: 
2018-04-30_SAVED in ./export/FC/json/pluralsight.com_FC for pluralsight.com RESULT: 
2018-04-30_SAVED in ./export/FC/json/premierit.com_FC for premierit.com RESULT: 
2018-04-30_SAVED in ./export/FC/json/prioritymanagement.com_FC for prioritymanagement.com RESULT: 
2018-04-30_SAVED in ./export/FC/json/raptivity.com_FC for raptivity.com RESULT: 
2018-04-30_SAVED in ./export/FC/json/saba.com_FC for saba.com RESULT: 
2018-04-30_SAVED in ./export/FC/json/shiftelearning.com_FC for shiftelearning.com RESULT: 
2018-04-30_SAVED in ./export/FC/json/skillsoft.com_FC for skillsoft.com RESULT: 
2018-04-30_SAVED in ./export/FC/json/softchalk.com_FC for softchalk.com RESULT: 
2018-04-30_SAVED in ./export/FC/json/spiral.ac_FC for spiral.ac RESULT: 
2018-04-30_SAVED in ./export/FC/json/successfactors.com_FC for successfactors.com RESULT: 
2018-04-30_SAVED in ./export/FC/json/translations.com_FC for translations.com RESULT: 
2018-04-30_SAVED in ./export/FC/json/tribalgroup.com_FC for tribalgroup.com RESULT: 
2018-04-30_SAVED in ./export/FC/json/tribridge.com_FC for tribridge.com RESULT: 
2018-04-30_SAVED in ./export/FC/json/trivantis.com_FC for trivantis.com RESULT: 
2018-04-30_SAVED in ./export/FC/json/tt-s.com_FC for tt-s.com RESULT: 
2018-04-30_SAVED in ./export/FC/json/vcomm.ch_FC for vcomm.ch RESULT: 
2018-04-30_SAVED in ./export/FC/json/videoarts.com_FC for videoarts.com RESULT: 
2018-04-30_SAVED in ./export/FC/json/zenler.com_FC for zenler.com RESULT: 
2018-04-30_SAVED in ./export/FC/json/bluebottlebiz.com_FC for bluebottlebiz.com RESULT: 
2018-04-30_SAVED in ./export/FC/json/business.udemy.com_FC for business.udemy.com RESULT: 
2018-04-30_SAVED in ./export/FC/json/learning.linkedin.com_FC for learning.linkedin.com RESULT: 
2018-04-30_SAVED in ./export/FC/json/absorblms.com_FC for absorblms.com RESULT: 
2018-04-30_SAVED in ./export/FC/json/accessplanit.com_FC for accessplanit.com RESULT: 
2018-04-30_SAVED in ./export/FC/json/adaptlearning.org_FC for adaptlearning.org RESULT: 
2018-04-30_SAVED in ./export/FC/json/avadolearning.com_FC for avadolearning.com RESULT: 
2018-04-30_SAVED in ./export/FC/json/coursera.org_FC for coursera.org RESULT: 
2018-04-30_SAVED in ./export/FC/json/docebo.com_FC for docebo.com RESULT: 
2018-04-30_SAVED in ./export/FC/json/elucidat.com_FC for elucidat.com RESULT: 
2018-04-30_SAVED in ./export/FC/json/ibm.com_FC for ibm.com RESULT: 
2018-04-30_SAVED in ./export/FC/json/im-c.com_FC for im-c.com RESULT: 
2018-04-30_SAVED in ./export/FC/json/insights.com_FC for insights.com RESULT: 
2018-04-30_SAVED in ./export/FC/json/instructure.com_FC for instructure.com RESULT: 
2018-04-30_SAVED in ./export/FC/json/totaralms.com_FC for totaralms.com RESULT: 
2018-04-30_SAVED in ./export/FC/json/apmp.org_FC for apmp.org RESULT: 
2018-04-30_SAVED in ./export/FC/json/nasp.com_FC for nasp.com RESULT: 
2018-04-30_SAVED in ./export/FC/json/siia.net_FC for siia.net RESULT: 
2018-04-30_SAVED in ./export/FC/json/cloudsoftwareassociation.com_FC for cloudsoftwareassociation.com RESULT: 
2018-04-30_SAVED in ./export/FC/json/salesassociation.org_FC for salesassociation.org RESULT: 
2018-04-30_SAVED in ./export/FC/json/asp-software.org_FC for asp-software.org RESULT: 
2018-04-30_SAVED in ./export/FC/json/salesmanagement.org_FC for salesmanagement.org RESULT: 
2018-04-30_SAVED in ./export/FC/json/comptia.org_FC for comptia.org RESULT: 
2018-04-30_SAVED in ./export/FC/json/tsia.com_FC for tsia.com RESULT: 
2018-04-30_SAVED in ./export/FC/json/channelinsider.com_FC for channelinsider.com RESULT: 
2018-04-30_SAVED in ./export/FC/json/Nado.org_FC for Nado.org RESULT: 
2018-04-30_SAVED in ./export/FC/json/amanet.org_FC for amanet.org RESULT: 
2018-04-30_SAVED in ./export/FC/json/asponline.com_FC for asponline.com RESULT: 
2018-04-30_SAVED in ./export/FC/json/td.org_FC for td.org RESULT: 
2018-04-30_SAVED in ./export/FC/json/iacet.org_FC for iacet.org RESULT: 
2018-04-30_SAVED in ./export/FC/json/isaconnection.org_FC for isaconnection.org RESULT: 
2018-04-30_SAVED in ./export/FC/json/ispi.org_FC for ispi.org RESULT: 
2018-04-30_SAVED in ./export/FC/json/iveta.org_FC for iveta.org RESULT: 
2018-04-30_SAVED in ./export/FC/json/ncwe.org_FC for ncwe.org RESULT: 
2018-04-30_SAVED in ./export/FC/json/ncwwi.org_FC for ncwwi.org RESULT: 
2018-04-30_SAVED in ./export/FC/json/pactweb.org_FC for pactweb.org RESULT: 
2018-04-30_SAVED in ./export/FC/json/shrm.org_FC for shrm.org RESULT: 
2018-04-30_SAVED in ./export/FC/json/usdla.org_FC for usdla.org RESULT: 
2018-04-30_SAVED in ./export/FC/json/elearningguild.com_FC for elearningguild.com RESULT: 
2018-04-30_SAVED in ./export/FC/json/trainingmag.com_FC for trainingmag.com RESULT: 
2018-04-30_SAVED in ./export/FC/json/learndash.com_FC for learndash.com RESULT: 
2018-04-30_SAVED in ./export/FC/json/tkconference.org_FC for tkconference.org RESULT: 
2018-04-30_SAVED in ./export/FC/json/trainingconference.com_FC for trainingconference.com RESULT: 
2018-04-30_SAVED in ./export/FC/json/atdconference.td.org_FC for atdconference.td.org RESULT: 
2018-04-30_SAVED in ./export/FC/json/chieflearningofficerexchange.com_FC for chieflearningofficerexchange.com RESULT: 
2018-04-30_SAVED in ./export/FC/json/learningdevcamp.com_FC for learningdevcamp.com RESULT: 
2018-04-30_SAVED in ./export/FC/json/trainingindustry.com_FC for trainingindustry.com RESULT: 
2018-04-30_SAVED in ./export/FC/json/wpcampus.org_FC for wpcampus.org RESULT: 
2018-04-30_SAVED in ./export/FC/json/dtlconference.wisc.edu_FC for dtlconference.wisc.edu RESULT: 
2018-04-30_SAVED in ./export/FC/json/slategroup.org_FC for slategroup.org RESULT: 
2018-04-30_SAVED in ./export/FC/json/onlinelearningconference.com_FC for onlinelearningconference.com RESULT: 
2018-04-30_SAVED in ./export/FC/json/core4.td.org_FC for core4.td.org RESULT: 
2018-04-30_SAVED in ./export/FC/json/nado.org_FC for nado.org RESULT: 
2018-04-30_SAVED in ./export/FC/json/2018.us.wordcamp.org_FC for 2018.us.wordcamp.org RESULT: 
2018-04-30_SAVED in ./export/FC/json/adventace.com_FC for adventace.com RESULT: 
2018-04-30_SAVED in ./export/FC/json/adventacesms.com_FC for adventacesms.com RESULT: 
2018-04-30_SAVED in ./export/FC/json/agentbizzup.com_FC for agentbizzup.com RESULT: 
2018-04-30_SAVED in ./export/FC/json/agentmarketing.com_FC for agentmarketing.com RESULT: 
2018-04-30_SAVED in ./export/FC/json/agentprovocateur.com_FC for agentprovocateur.com RESULT: 
2018-04-30_SAVED in ./export/FC/json/agent3.com_FC for agent3.com RESULT: 
2018-04-30_SAVED in ./export/FC/json/altify.com_FC for altify.com RESULT: 
2018-04-30_SAVED in ./export/FC/json/aviso.com_FC for aviso.com RESULT: 
2018-04-30_SAVED in ./export/FC/json/bigtincan.com_FC for bigtincan.com RESULT: 
2018-04-30_SAVED in ./export/FC/json/bluewolf.com_FC for bluewolf.com RESULT: 
2018-04-30_SAVED in ./export/FC/json/carew.com_FC for carew.com RESULT: 
2018-04-30_SAVED in ./export/FC/json/connectandsell.com_FC for connectandsell.com RESULT: 
2018-04-30_SAVED in ./export/FC/json/contiq.com_FC for contiq.com RESULT: 
2018-04-30_SAVED in ./export/FC/json/conversica.com_FC for conversica.com RESULT: 
2018-04-30_SAVED in ./export/FC/json/develapme.com_FC for develapme.com RESULT: 
2018-04-30_SAVED in ./export/FC/json/dialanote.com_FC for dialanote.com RESULT: 
2018-04-30_SAVED in ./export/FC/json/doubledigit.com_FC for doubledigit.com RESULT: 
2018-04-30_SAVED in ./export/FC/json/doubledigit-sales.com_FC for doubledigit-sales.com RESULT: 
2018-04-30_SAVED in ./export/FC/json/dxcontinuum.com_FC for dxcontinuum.com RESULT: 
2018-04-30_SAVED in ./export/FC/json/elitesalesleaders.com_FC for elitesalesleaders.com RESULT: 
2018-04-30_SAVED in ./export/FC/json/everyonesocial.com_FC for everyonesocial.com RESULT: 
2018-04-30_SAVED in ./export/FC/json/gryphonnetworks.com_FC for gryphonnetworks.com RESULT: 
2018-04-30_SAVED in ./export/FC/json/gryphonsalesintelligence.com_FC for gryphonsalesintelligence.com RESULT: 
2018-04-30_SAVED in ./export/FC/json/highspot.com_FC for highspot.com RESULT: 
2018-04-30_SAVED in ./export/FC/json/hirevue.com_FC for hirevue.com RESULT: 
2018-04-30_SAVED in ./export/FC/json/intercom.com_FC for intercom.com RESULT: 
2018-04-30_SAVED in ./export/FC/json/kzoinnovations.com_FC for kzoinnovations.com RESULT: 
2018-04-30_SAVED in ./export/FC/json/leadiq.com_FC for leadiq.com RESULT: 
2018-04-30_SAVED in ./export/FC/json/leandatainc.com_FC for leandatainc.com RESULT: 
2018-04-30_SAVED in ./export/FC/json/linkedin.com_FC for linkedin.com RESULT: 
2018-04-30_SAVED in ./export/FC/json/linkedinsights.com_FC for linkedinsights.com RESULT: 
2018-04-30_SAVED in ./export/FC/json/lsaglobal.com_FC for lsaglobal.com RESULT: 
2018-04-30_SAVED in ./export/FC/json/solution-selling-training.com_FC for solution-selling-training.com RESULT: 
2018-04-30_SAVED in ./export/FC/json/new-manager-training.com_FC for new-manager-training.com RESULT: 
2018-04-30_SAVED in ./export/FC/json/lumeworks.com_FC for lumeworks.com RESULT: 
2018-04-30_SAVED in ./export/FC/json/marketstarconsultancy.com_FC for marketstarconsultancy.com RESULT: 
2018-04-30_SAVED in ./export/FC/json/marketstar.com_FC for marketstar.com RESULT: 
2018-04-30_SAVED in ./export/FC/json/millerheimangroup.com_FC for millerheimangroup.com RESULT: 
2018-04-30_SAVED in ./export/FC/json/millerheimangroup.com.sg_FC for millerheimangroup.com.sg RESULT: 
2018-04-30_SAVED in ./export/FC/json/millerheimangroup.com.au_FC for millerheimangroup.com.au RESULT: 
2018-04-30_SAVED in ./export/FC/json/mrpfd.com_FC for mrpfd.com RESULT: 
2018-04-30_SAVED in ./export/FC/json/nodejs.org_FC for nodejs.org RESULT: 
2018-04-30_SAVED in ./export/FC/json/ontask.io_FC for ontask.io RESULT: 
2018-04-30_SAVED in ./export/FC/json/oracle.com_FC for oracle.com RESULT: 
2018-04-30_SAVED in ./export/FC/json/partnersinleadership.com_FC for partnersinleadership.com RESULT: 
2018-04-30_SAVED in ./export/FC/json/frontlineselling.com_FC for frontlineselling.com RESULT: 
2018-04-30_SAVED in ./export/FC/json/pfl.com_FC for pfl.com RESULT: 
2018-04-30_SAVED in ./export/FC/json/proactivate.net_FC for proactivate.net RESULT: 
2018-04-30_SAVED in ./export/FC/json/prosperworks.com_FC for prosperworks.com RESULT: 
2018-04-30_SAVED in ./export/FC/json/qurious.io_FC for qurious.io RESULT: 
2018-04-30_SAVED in ./export/FC/json/rehearsal.com_FC for rehearsal.com RESULT: 
2018-04-30_SAVED in ./export/FC/json/revenuestorm.com_FC for revenuestorm.com RESULT: 
2018-04-30_SAVED in ./export/FC/json/richardson.com_FC for richardson.com RESULT: 
2018-04-30_SAVED in ./export/FC/json/salescanary.com_FC for salescanary.com RESULT: 
2018-04-30_SAVED in ./export/FC/json/spisales.com_FC for spisales.com RESULT: 
2018-04-30_SAVED in ./export/FC/json/salesfuel.com_FC for salesfuel.com RESULT: 
2018-04-30_SAVED in ./export/FC/json/saleshood.com_FC for saleshood.com RESULT: 
2018-04-30_SAVED in ./export/FC/json/hybris.com_FC for hybris.com RESULT: 
2018-04-30_SAVED in ./export/FC/json/scalex.ai_FC for scalex.ai RESULT: 
2018-04-30_SAVED in ./export/FC/json/wescrimmage.com_FC for wescrimmage.com RESULT: 
2018-04-30_SAVED in ./export/FC/json/shindig.com_FC for shindig.com RESULT: 
2018-04-30_SAVED in ./export/FC/json/specializedsalessystems.com_FC for specializedsalessystems.com RESULT: 
2018-04-30_SAVED in ./export/FC/json/strategicpricing.com_FC for strategicpricing.com RESULT: 
2018-04-30_SAVED in ./export/FC/json/sugarcrm.com_FC for sugarcrm.com RESULT: 
2018-04-30_SAVED in ./export/FC/json/televerde.com_FC for televerde.com RESULT: 
2018-04-30_SAVED in ./export/FC/json/thecoreresults.com_FC for thecoreresults.com RESULT: 
2018-04-30_SAVED in ./export/FC/json/vanellagroup.com_FC for vanellagroup.com RESULT: 
2018-04-30_SAVED in ./export/FC/json/thewhalehunters.com_FC for thewhalehunters.com RESULT: 
2018-04-30_SAVED in ./export/FC/json/topgunhq.com_FC for topgunhq.com RESULT: 
2018-04-30_SAVED in ./export/FC/json/unboxedtechnology.com_FC for unboxedtechnology.com RESULT: 
2018-04-30_SAVED in ./export/FC/json/vidyard.com_FC for vidyard.com RESULT: 
2018-04-30_SAVED in ./export/FC/json/getvymo.com_FC for getvymo.com RESULT: 
2018-04-30_SAVED in ./export/FC/json/wework.com_FC for wework.com RESULT: 
2018-04-30_SAVED in ./export/FC/json/x2crm.com_FC for x2crm.com RESULT: 
2018-04-30_SAVED in ./export/FC/json/goyipyip.com_FC for goyipyip.com RESULT: 
2018-04-30_SAVED in ./export/FC/json/zoho.com_FC for zoho.com RESULT: 
