2018-07-03_SAVED in ./export/FC/json/ccmconsultancy.com_FC for ccmconsultancy.com RESULT: 
2018-07-03_SAVED in ./export/FC/json/detroitmi.gov_FC for detroitmi.gov RESULT: 
2018-07-03_SAVED in ./export/FC/json/cmegroup.com_FC for cmegroup.com RESULT: 
2018-07-03_SAVED in ./export/FC/json/commerzbank.com_FC for commerzbank.com RESULT: 
2018-07-03_SAVED in ./export/FC/json/creativeleaps.org_FC for creativeleaps.org RESULT: 
2018-07-03_SAVED in ./export/FC/json/denverwater.org_FC for denverwater.org RESULT: 
2018-07-03_SAVED in ./export/FC/json/fta.co.uk_FC for fta.co.uk RESULT: 
2018-07-03_SAVED in ./export/FC/json/guggenheimpartners.com_FC for guggenheimpartners.com RESULT: 
2018-07-03_SAVED in ./export/FC/json/horizonmedia.com_FC for horizonmedia.com RESULT: 
2018-07-03_SAVED in ./export/FC/json/jfkhealth.com_FC for jfkhealth.com RESULT: 
2018-07-03_SAVED in ./export/FC/json/ketchum.com_FC for ketchum.com RESULT: 
2018-07-03_SAVED in ./export/FC/json/marcosfranchising.com_FC for marcosfranchising.com RESULT: 
2018-07-03_SAVED in ./export/FC/json/mercer.com_FC for mercer.com RESULT: 
2018-07-03_SAVED in ./export/FC/json/merck.com_FC for merck.com RESULT: 
2018-07-03_SAVED in ./export/FC/json/montefiore.org_FC for montefiore.org RESULT: 
2018-07-03_SAVED in ./export/FC/json/morganstanley.com_FC for morganstanley.com RESULT: 
2018-07-03_SAVED in ./export/FC/json/mountsinai.org_FC for mountsinai.org RESULT: 
2018-07-03_SAVED in ./export/FC/json/mylan.com_FC for mylan.com RESULT: 
2018-07-03_SAVED in ./export/FC/json/noaa.gov_FC for noaa.gov RESULT: 
2018-07-03_SAVED in ./export/FC/json/netcomlearning.com_FC for netcomlearning.com RESULT: 
2018-07-03_SAVED in ./export/FC/json/nyhc.com_FC for nyhc.com RESULT: 
2018-07-03_SAVED in ./export/FC/json/nyhealthworks.com_FC for nyhealthworks.com RESULT: 
2018-07-03_SAVED in ./export/FC/json/nokia.com_FC for nokia.com RESULT: 
2018-07-03_SAVED in ./export/FC/json/oru.edu_FC for oru.edu RESULT: 
2018-07-03_SAVED in ./export/FC/json/penguinrandomhouse.com_FC for penguinrandomhouse.com RESULT: 
2018-07-03_SAVED in ./export/FC/json/perkinswill.com_FC for perkinswill.com RESULT: 
2018-07-03_SAVED in ./export/FC/json/rgp.com_FC for rgp.com RESULT: 
2018-07-03_SAVED in ./export/FC/json/rosettastone.com_FC for rosettastone.com RESULT: 
2018-07-03_SAVED in ./export/FC/json/sclhealth.org_FC for sclhealth.org RESULT: 
2018-07-03_SAVED in ./export/FC/json/talentquest.com_FC for talentquest.com RESULT: 
2018-07-03_SAVED in ./export/FC/json/judge.com_FC for judge.com RESULT: 
2018-07-03_SAVED in ./export/FC/json/thinkfoodgroup.com_FC for thinkfoodgroup.com RESULT: 
2018-07-03_SAVED in ./export/FC/json/tiggly.com_FC for tiggly.com RESULT: 
2018-07-03_SAVED in ./export/FC/json/undp.org_FC for undp.org RESULT: 
2018-07-03_SAVED in ./export/FC/json/urbanhealthplan.org_FC for urbanhealthplan.org RESULT: 
2018-07-03_SAVED in ./export/FC/json/utcaerospacesystems.com_FC for utcaerospacesystems.com RESULT: 
2018-07-03_SAVED in ./export/FC/json/willistowerswatson.com_FC for willistowerswatson.com RESULT: 
2018-07-03_SAVED in ./export/FC/json/womenpresidentsorg.com_FC for womenpresidentsorg.com RESULT: 
2018-07-03_SAVED in ./export/FC/json/asaecenter.org_FC for asaecenter.org RESULT: 
2018-07-03_SAVED in ./export/FC/json/chsli.org_FC for chsli.org RESULT: 
2018-07-03_SAVED in ./export/FC/json/christies.com_FC for christies.com RESULT: 
2018-07-03_SAVED in ./export/FC/json/alexandriava.gov_FC for alexandriava.gov RESULT: 
2018-07-03_SAVED in ./export/FC/json/cftc.gov_FC for cftc.gov RESULT: 
2018-07-03_SAVED in ./export/FC/json/daypitney.com_FC for daypitney.com RESULT: 
2018-07-03_SAVED in ./export/FC/json/healthplanone.com_FC for healthplanone.com RESULT: 
2018-07-03_SAVED in ./export/FC/json/bronx.va.gov_FC for bronx.va.gov RESULT: 
2018-07-03_SAVED in ./export/FC/json/lundinmining.com_FC for lundinmining.com RESULT: 
2018-07-03_SAVED in ./export/FC/json/mapleleaffoods.com_FC for mapleleaffoods.com RESULT: 
2018-07-03_SAVED in ./export/FC/json/point72.com_FC for point72.com RESULT: 
2018-07-03_SAVED in ./export/FC/json/purpleframetech.com_FC for purpleframetech.com RESULT: 
2018-07-03_SAVED in ./export/FC/json/talentsmart.com_FC for talentsmart.com RESULT: 
2018-07-03_SAVED in ./export/FC/json/advisory.com_FC for advisory.com RESULT: 
