2018-04-29_SAVED in ./export/CB/json/computerclassroomsinseattle.com_CB for computerclassroomsinseattle.com RESULT: 
2018-04-29_SAVED in ./export/CB/json/edubrite.com_CB for edubrite.com RESULT: 
2018-04-29_SAVED in ./export/CB/json/bothworldssoftware.com_CB for bothworldssoftware.com RESULT: 
2018-04-29_SAVED in ./export/CB/json/ctgtraining.com_CB for ctgtraining.com RESULT: 
2018-04-29_SAVED in ./export/CB/json/clarityssi.com_CB for clarityssi.com RESULT: 
2018-04-29_SAVED in ./export/CB/json/directionstraining.com_CB for directionstraining.com RESULT: 
2018-04-29_SAVED in ./export/CB/json/getbridge.com_CB for getbridge.com RESULT: 
2018-04-29_SAVED in ./export/CB/json/infoprolearning.com_CB for infoprolearning.com RESULT: 
2018-04-29_SAVED in ./export/CB/json/infor.com_CB for infor.com RESULT: 
2018-04-29_SAVED in ./export/CB/json/elearningguild.com_CB for elearningguild.com RESULT: 
2018-04-29_SAVED in ./export/CB/json/enyotalearning.com_CB for enyotalearning.com RESULT: 
2018-04-29_SAVED in ./export/CB/json/fcsltd.com_CB for fcsltd.com RESULT: 
2018-04-29_SAVED in ./export/CB/json/fldata.com_CB for fldata.com RESULT: 
ERROR 2018-04-29 in ./export/CB/json/focusedusolutions.com_CB for focusedusolutions.com RESULT: {"error":{"type":"queued","message":"Lookup queued. Try this request again in a few seconds or use our webhook/stream APIs."}}
ERROR 2018-04-29 in ./export/CB/json/newgen-ent.com_CB for newgen-ent.com RESULT: {"error":{"type":"queued","message":"Lookup queued. Try this request again in a few seconds or use our webhook/stream APIs."}}
2018-04-29_SAVED in ./export/CB/json/trainingpartner.com_CB for trainingpartner.com RESULT: 
ERROR 2018-04-29 in ./export/CB/json/enterprisesolutionsgroup.com_CB for enterprisesolutionsgroup.com RESULT: {"error":{"type":"unknown_record","message":"Unknown company."}}
2018-04-29_SAVED in ./export/CB/json/elearningforce.com_CB for elearningforce.com RESULT: 
2018-04-29_SAVED in ./export/CB/json/entremt.com_CB for entremt.com RESULT: 
2018-04-29_SAVED in ./export/CB/json/gamelearners.com_CB for gamelearners.com RESULT: 
