2018-04-28_SAVED in ./export/CB/json/examforce.com_CB for examforce.com RESULT: 
2018-04-28_SAVED in ./export/CB/json/examinationonline.com_CB for examinationonline.com RESULT: 
2018-04-28_SAVED in ./export/CB/json/focuseduvation.com_CB for focuseduvation.com RESULT: 
2018-04-28_SAVED in ./export/CB/json/generalassemb.ly_CB for generalassemb.ly RESULT: 
2018-04-28_SAVED in ./export/CB/json/ghd.com_CB for ghd.com RESULT: 
2018-04-28_SAVED in ./export/CB/json/globalfoodconsultancy.com_CB for globalfoodconsultancy.com RESULT: 
2018-04-28_SAVED in ./export/CB/json/gcompliance.com_CB for gcompliance.com RESULT: 
2018-04-28_SAVED in ./export/CB/json/globalcompliancepanel.com_CB for globalcompliancepanel.com RESULT: 
2018-04-28_SAVED in ./export/CB/json/globoforce.com_CB for globoforce.com RESULT: 
2018-04-28_SAVED in ./export/CB/json/gosignmeup.com_CB for gosignmeup.com RESULT: 
2018-04-28_SAVED in ./export/CB/json/graduateschool.edu_CB for graduateschool.edu RESULT: 
ERROR 2018-04-28 in ./export/CB/json/greatcirclelearning.com_CB for greatcirclelearning.com RESULT: {"error":{"type":"queued","message":"Lookup queued. Try this request again in a few seconds or use our webhook/stream APIs."}}
2018-04-28_SAVED in ./export/CB/json/hackreactor.com_CB for hackreactor.com RESULT: 
2018-04-28_SAVED in ./export/CB/json/harrisonassessments.com_CB for harrisonassessments.com RESULT: 
2018-04-28_SAVED in ./export/CB/json/hrtalentpro.com_CB for hrtalentpro.com RESULT: 
2018-04-28_SAVED in ./export/CB/json/humantelligence.com_CB for humantelligence.com RESULT: 
2018-04-28_SAVED in ./export/CB/json/iasaglobal.org_CB for iasaglobal.org RESULT: 
2018-04-28_SAVED in ./export/CB/json/icslearninggroup.com_CB for icslearninggroup.com RESULT: 
2018-04-28_SAVED in ./export/CB/json/infopros.com_CB for infopros.com RESULT: 
2018-04-28_SAVED in ./export/CB/json/ingenuiti.com_CB for ingenuiti.com RESULT: 
2018-04-28_SAVED in ./export/CB/json/inkling.com_CB for inkling.com RESULT: 
ERROR 2018-04-28 in ./export/CB/json/innovativemanagementsolutionsllc.com_CB for innovativemanagementsolutionsllc.com RESULT: {"error":{"type":"queued","message":"Lookup queued. Try this request again in a few seconds or use our webhook/stream APIs."}}
2018-04-28_SAVED in ./export/CB/json/insightdemand.com_CB for insightdemand.com RESULT: 
2018-04-28_SAVED in ./export/CB/json/instancy.com_CB for instancy.com RESULT: 
2018-04-28_SAVED in ./export/CB/json/insynctraining.com_CB for insynctraining.com RESULT: 
2018-04-28_SAVED in ./export/CB/json/interactiveservices.com_CB for interactiveservices.com RESULT: 
2018-04-28_SAVED in ./export/CB/json/intesolv.com_CB for intesolv.com RESULT: 
ERROR 2018-04-28 in ./export/CB/json/intulogy.com_CB for intulogy.com RESULT: {"error":{"type":"queued","message":"Lookup queued. Try this request again in a few seconds or use our webhook/stream APIs."}}
2018-04-28_SAVED in ./export/CB/json/itchapter.com_CB for itchapter.com RESULT: 
2018-04-28_SAVED in ./export/CB/json/iteanz.com_CB for iteanz.com RESULT: 
2018-04-28_SAVED in ./export/CB/json/thesipschool.com_CB for thesipschool.com RESULT: 
2018-04-28_SAVED in ./export/CB/json/jblearning.com_CB for jblearning.com RESULT: 
2018-04-28_SAVED in ./export/CB/json/knowledgesourceinc.com_CB for knowledgesourceinc.com RESULT: 
2018-04-28_SAVED in ./export/CB/json/knowledgecity.com_CB for knowledgecity.com RESULT: 
2018-04-28_SAVED in ./export/CB/json/knowledgewoods.com_CB for knowledgewoods.com RESULT: 
2018-04-28_SAVED in ./export/CB/json/kubicle.com_CB for kubicle.com RESULT: 
2018-04-28_SAVED in ./export/CB/json/latitudelearning.com_CB for latitudelearning.com RESULT: 
2018-04-28_SAVED in ./export/CB/json/learncomputer.com_CB for learncomputer.com RESULT: 
2018-04-28_SAVED in ./export/CB/json/learningbrick.com_CB for learningbrick.com RESULT: 
2018-04-28_SAVED in ./export/CB/json/trivantis.com_CB for trivantis.com RESULT: 
2018-04-28_SAVED in ./export/CB/json/lorman.com_CB for lorman.com RESULT: 
2018-04-28_SAVED in ./export/CB/json/lessonly.com_CB for lessonly.com RESULT: 
